<?xml version="1.0" encoding="UTF-8"?>
<testng-results ignored="0" total="1" passed="1" failed="0" skipped="0">
  <reporter-output>
  </reporter-output>
  <suite started-at="2025-05-28T16:58:21 IST" name="Suite" finished-at="2025-05-28T16:58:28 IST" duration-ms="6811">
    <groups>
    </groups>
    <test started-at="2025-05-28T16:58:21 IST" name="Test" finished-at="2025-05-28T16:58:28 IST" duration-ms="6811">
      <class name="testCases.TC002_LoginTest">
        <test-method is-config="true" signature="setup(java.lang.String,java.lang.String)[pri:0, instance:testCases.TC002_LoginTest@305b7c14]" started-at="2025-05-28T16:58:21 IST" name="setup" finished-at="2025-05-28T16:58:26 IST" duration-ms="5213" status="PASS">
          <params>
            <param index="0">
              <value>
                <![CDATA[Windows]]>
              </value>
            </param>
            <param index="1">
              <value>
                <![CDATA[edge]]>
              </value>
            </param>
          </params>
          <reporter-output>
          </reporter-output>
        </test-method> <!-- setup -->
        <test-method signature="Verify_login()[pri:0, instance:testCases.TC002_LoginTest@305b7c14]" started-at="2025-05-28T16:58:26 IST" name="Verify_login" finished-at="2025-05-28T16:58:28 IST" duration-ms="1568" status="PASS">
          <reporter-output>
          </reporter-output>
        </test-method> <!-- Verify_login -->
      </class> <!-- testCases.TC002_LoginTest -->
    </test> <!-- Test -->
  </suite> <!-- Suite -->
</testng-results>
